<?xml version="1.0" encoding="UTF-8"?>
<testng-results skipped="0" failed="0" total="2" passed="2">
  <reporter-output>
  </reporter-output>
  <suite name="Default suite" duration-ms="8995" started-at="2013-12-22T02:08:43Z" finished-at="2013-12-22T02:08:52Z">
    <groups>
    </groups>
    <test name="Default test" duration-ms="8995" started-at="2013-12-22T02:08:43Z" finished-at="2013-12-22T02:08:52Z">
      <class name="CommonTest">
        <test-method status="PASS" signature="start()[pri:0, instance:CommonTest@1a4709fa]" name="start" is-config="true" duration-ms="5426" started-at="2013-12-21T18:08:43Z" finished-at="2013-12-21T18:08:48Z">
          <reporter-output>
          </reporter-output>
        </test-method> <!-- start -->
        <test-method status="PASS" signature="login()[pri:0, instance:CommonTest@1a4709fa]" name="login" duration-ms="2583" started-at="2013-12-21T18:08:48Z" finished-at="2013-12-21T18:08:51Z">
          <reporter-output>
          </reporter-output>
        </test-method> <!-- login -->
        <test-method status="PASS" signature="signup()[pri:0, instance:CommonTest@1a4709fa]" name="signup" duration-ms="592" started-at="2013-12-21T18:08:51Z" finished-at="2013-12-21T18:08:51Z">
          <reporter-output>
          </reporter-output>
        </test-method> <!-- signup -->
        <test-method status="PASS" signature="end()[pri:0, instance:CommonTest@1a4709fa]" name="end" is-config="true" duration-ms="354" started-at="2013-12-21T18:08:51Z" finished-at="2013-12-21T18:08:52Z">
          <reporter-output>
          </reporter-output>
        </test-method> <!-- end -->
      </class> <!-- CommonTest -->
    </test> <!-- Default test -->
  </suite> <!-- Default suite -->
</testng-results>
